#
# A fatal error has been detected by the Java Runtime Environment:
#
#  Internal Error (constantTag.cpp:65), pid=21484, tid=23960
#  Error: ShouldNotReachHere()
#
# JRE version: OpenJDK Runtime Environment Temurin-23.0.1+11 (23.0.1+11) (build 23.0.1+11)
# Java VM: OpenJDK 64-Bit Server VM Temurin-23.0.1+11 (23.0.1+11, mixed mode, sharing, tiered, compressed oops, compressed class ptrs, g1 gc, windows-amd64)
# No core dump will be written. Minidumps are not enabled by default on client versions of Windows
#
# If you would like to submit a bug report, please visit:
#   https://github.com/adoptium/adoptium-support/issues
#

---------------  S U M M A R Y ------------

Command Line: -XX:+ShowCodeDetailsInExceptionMessages -agentlib:jdwp=transport=dt_socket,suspend=y,address=localhost:62422 -ea -javaagent:C:\Users\T-GAMER\eclipse\java-2024-09\eclipse\configuration\org.eclipse.osgi\251\0\.cp\lib\javaagent-shaded.jar -Dfile.encoding=UTF-8 -Dstdout.encoding=UTF-8 -Dstderr.encoding=UTF-8 org.eclipse.jdt.internal.junit.runner.RemoteTestRunner -version 3 -port 62421 -testLoaderClass org.eclipse.jdt.internal.junit5.runner.JUnit5TestLoader -loaderpluginname org.eclipse.jdt.junit5.runtime -test com.fiap.techmesa.infrastructure.gateway.RestaurantGatewayImplTest:testUpdate -uniqueId [engine:junit-jupiter]/[class:com.fiap.techmesa.infrastructure.gateway.RestaurantGatewayImplTest]/[method:testUpdate()]

Host: AMD Ryzen 5 5600X 6-Core Processor             , 12 cores, 15G,  Windows 10 , 64 bit Build 19041 (10.0.19041.5438)
Time: Sat Mar 22 21:40:18 2025 Hora oficial do Brasil elapsed time: 8.977126 seconds (0d 0h 0m 8s)

---------------  T H R E A D  ---------------

Current thread (0x000001c5d45bafd0):  VMThread "VM Thread"          [id=23960, stack(0x0000007cb8100000,0x0000007cb8200000) (1024K)]

Stack: [0x0000007cb8100000,0x0000007cb8200000]
Native frames: (J=compiled Java code, j=interpreted, Vv=VM code, C=native code)
V  [jvm.dll+0x6e8c79]  (no source info available)
V  [jvm.dll+0x8d9253]  (no source info available)
V  [jvm.dll+0x8db6de]  (no source info available)
V  [jvm.dll+0x8dbd67]  (no source info available)
V  [jvm.dll+0x281a27]  (no source info available)
V  [jvm.dll+0x281a4c]  (no source info available)
V  [jvm.dll+0x2819a0]  (no source info available)
V  [jvm.dll+0x2728c0]  (no source info available)
V  [jvm.dll+0x26c87c]  (no source info available)
V  [jvm.dll+0x3964cc]  (no source info available)
V  [jvm.dll+0x397e1e]  (no source info available)
V  [jvm.dll+0x395490]  (no source info available)
V  [jvm.dll+0x39468a]  (no source info available)
V  [jvm.dll+0x6d5bd2]  (no source info available)
V  [jvm.dll+0x6d648d]  (no source info available)
V  [jvm.dll+0x69760a]  (no source info available)
V  [jvm.dll+0x8cfb5a]  (no source info available)
V  [jvm.dll+0x5ab767]  (no source info available)
V  [jvm.dll+0x8e1c3f]  (no source info available)
V  [jvm.dll+0x8e2f56]  (no source info available)
V  [jvm.dll+0x8e3488]  (no source info available)
V  [jvm.dll+0x8e3723]  (no source info available)
V  [jvm.dll+0x8802ab]  (no source info available)
V  [jvm.dll+0x6e7485]  (no source info available)
C  [ucrtbase.dll+0x21bb2]  (no source info available)
C  [KERNEL32.DLL+0x17374]  (no source info available)
C  [ntdll.dll+0x4cc91]  (no source info available)

VM_Operation (0x0000007cb8cff160): get/set locals, mode: safepoint, requested by thread 0x000001c5d48e0590


---------------  P R O C E S S  ---------------

Threads class SMR info:
_java_thread_list=0x000001c61aa0b380, length=16, elements={
0x000001c5b7032d90, 0x000001c5d45d37b0, 0x000001c5d45d4880, 0x000001c5d45d8730,
0x000001c5d45d9190, 0x000001c5d45d9da0, 0x000001c5d45dd320, 0x000001c5d45e8210,
0x000001c5d45efce0, 0x000001c5d46ec6e0, 0x000001c5d48e0590, 0x000001c5d48161a0,
0x000001c5d4816830, 0x000001c5d46eda90, 0x000001c5d46ecd70, 0x000001c5d45ee870
}

Java Threads: ( => current thread )
  0x000001c5b7032d90 JavaThread "main"                              [_thread_blocked, id=22108, stack(0x0000007cb7a00000,0x0000007cb7b00000) (1024K)]
  0x000001c5d45d37b0 JavaThread "Reference Handler"          daemon [_thread_blocked, id=24304, stack(0x0000007cb8200000,0x0000007cb8300000) (1024K)]
  0x000001c5d45d4880 JavaThread "Finalizer"                  daemon [_thread_blocked, id=18700, stack(0x0000007cb8300000,0x0000007cb8400000) (1024K)]
  0x000001c5d45d8730 JavaThread "Signal Dispatcher"          daemon [_thread_blocked, id=20752, stack(0x0000007cb8400000,0x0000007cb8500000) (1024K)]
  0x000001c5d45d9190 JavaThread "Attach Listener"            daemon [_thread_blocked, id=26128, stack(0x0000007cb8500000,0x0000007cb8600000) (1024K)]
  0x000001c5d45d9da0 JavaThread "Service Thread"             daemon [_thread_blocked, id=25544, stack(0x0000007cb8600000,0x0000007cb8700000) (1024K)]
  0x000001c5d45dd320 JavaThread "Monitor Deflation Thread"   daemon [_thread_blocked, id=22064, stack(0x0000007cb8700000,0x0000007cb8800000) (1024K)]
  0x000001c5d45e8210 JavaThread "C2 CompilerThread0"         daemon [_thread_blocked, id=20040, stack(0x0000007cb8800000,0x0000007cb8900000) (1024K)]
  0x000001c5d45efce0 JavaThread "C1 CompilerThread0"         daemon [_thread_blocked, id=26076, stack(0x0000007cb8900000,0x0000007cb8a00000) (1024K)]
  0x000001c5d46ec6e0 JavaThread "Common-Cleaner"             daemon [_thread_blocked, id=27736, stack(0x0000007cb8a00000,0x0000007cb8b00000) (1024K)]
  0x000001c5d48e0590 JavaThread "JDWP Transport Listener: dt_socket" daemon [_thread_blocked, id=13732, stack(0x0000007cb8c00000,0x0000007cb8d00000) (1024K)] _threads_hazard_ptr=0x000001c61aa0b380
  0x000001c5d48161a0 JavaThread "JDWP Event Helper Thread"   daemon [_thread_blocked, id=23824, stack(0x0000007cb8d00000,0x0000007cb8e00000) (1024K)]
  0x000001c5d4816830 JavaThread "JDWP Command Reader"        daemon [_thread_in_native, id=27008, stack(0x0000007cb8e00000,0x0000007cb8f00000) (1024K)]
  0x000001c5d46eda90 JavaThread "Notification Thread"        daemon [_thread_blocked, id=27676, stack(0x0000007cb8f00000,0x0000007cb9000000) (1024K)]
  0x000001c5d46ecd70 JavaThread "ReaderThread"                      [_thread_in_native, id=2732, stack(0x0000007cb9000000,0x0000007cb9100000) (1024K)]
  0x000001c5d45ee870 JavaThread "C2 CompilerThread1"         daemon [_thread_blocked, id=1424, stack(0x0000007cb8b00000,0x0000007cb8c00000) (1024K)]
Total: 16

Other Threads:
=>0x000001c5d45bafd0 VMThread "VM Thread"                           [id=23960, stack(0x0000007cb8100000,0x0000007cb8200000) (1024K)]
  0x000001c5d45a9230 WatcherThread "VM Periodic Task Thread"        [id=15312, stack(0x0000007cb8000000,0x0000007cb8100000) (1024K)]
  0x000001c5b945ff60 WorkerThread "GC Thread#0"                     [id=26820, stack(0x0000007cb7b00000,0x0000007cb7c00000) (1024K)]
  0x000001c61ab357d0 WorkerThread "GC Thread#1"                     [id=26164, stack(0x0000007cb9100000,0x0000007cb9200000) (1024K)]
  0x000001c61ab35b80 WorkerThread "GC Thread#2"                     [id=1188, stack(0x0000007cb9200000,0x0000007cb9300000) (1024K)]
  0x000001c61ab35f30 WorkerThread "GC Thread#3"                     [id=24148, stack(0x0000007cb9300000,0x0000007cb9400000) (1024K)]
  0x000001c61aa08aa0 WorkerThread "GC Thread#4"                     [id=26436, stack(0x0000007cb9400000,0x0000007cb9500000) (1024K)]
  0x000001c61aa08e50 WorkerThread "GC Thread#5"                     [id=21592, stack(0x0000007cb9500000,0x0000007cb9600000) (1024K)]
  0x000001c61ab2d4a0 WorkerThread "GC Thread#6"                     [id=24248, stack(0x0000007cb9600000,0x0000007cb9700000) (1024K)]
  0x000001c61ab2d850 WorkerThread "GC Thread#7"                     [id=27592, stack(0x0000007cb9700000,0x0000007cb9800000) (1024K)]
  0x000001c61ad01360 WorkerThread "GC Thread#8"                     [id=3040, stack(0x0000007cb9800000,0x0000007cb9900000) (1024K)]
  0x000001c61ad01710 WorkerThread "GC Thread#9"                     [id=21744, stack(0x0000007cb9900000,0x0000007cb9a00000) (1024K)]
  0x000001c5b9475720 ConcurrentGCThread "G1 Main Marker"            [id=24624, stack(0x0000007cb7c00000,0x0000007cb7d00000) (1024K)]
  0x000001c5b9476140 WorkerThread "G1 Conc#0"                       [id=17788, stack(0x0000007cb7d00000,0x0000007cb7e00000) (1024K)]
  0x000001c5d446a690 ConcurrentGCThread "G1 Refine#0"               [id=21412, stack(0x0000007cb7e00000,0x0000007cb7f00000) (1024K)]
  0x000001c5d446d140 ConcurrentGCThread "G1 Service"                [id=23284, stack(0x0000007cb7f00000,0x0000007cb8000000) (1024K)]
Total: 16

Threads with active compile tasks:
Total: 0

VM state: at safepoint (normal execution)

VM Mutex/Monitor currently owned by a thread:  ([mutex/lock_event])
[0x00007ffe9cd3bd70] Threads_lock - owner thread: 0x000001c5d45bafd0

Heap address: 0x0000000700c00000, size: 4084 MB, Compressed Oops mode: Zero based, Oop shift amount: 3

CDS archive(s) mapped at: [0x000001c5d5000000-0x000001c5d5d70000-0x000001c5d5d70000), size 14090240, SharedBaseAddress: 0x000001c5d5000000, ArchiveRelocationMode: 1.
Compressed class space mapped at: 0x000001c5d6000000-0x000001c616000000, reserved size: 1073741824
Narrow klass base: 0x000001c5d5000000, Narrow klass shift: 0, Narrow klass range: 0x41000000

GC Precious Log:
 CardTable entry size: 512
 Card Set container configuration: InlinePtr #cards 4 size 8 Array Of Cards #cards 16 size 48 Howl #buckets 8 coarsen threshold 3686 Howl Bitmap #cards 512 size 80 coarsen threshold 460 Card regions per heap region 1 cards per card region 4096
 CPUs: 12 total, 12 available
 Memory: 16330M
 Large Page Support: Disabled
 NUMA Support: Disabled
 Compressed Oops: Enabled (Zero based)
 Heap Region Size: 2M
 Heap Min Capacity: 8M
 Heap Initial Capacity: 256M
 Heap Max Capacity: 4084M
 Pre-touch: Disabled
 Parallel Workers: 10
 Concurrent Workers: 3
 Concurrent Refinement Workers: 10
 Periodic GC: Disabled

Heap:
 garbage-first heap   total reserved 4182016K, committed 262144K, used 47251K [0x0000000700c00000, 0x0000000800000000)
  region size 2048K, 21 young (43008K), 2 survivors (4096K)
 Metaspace       used 16669K, committed 17024K, reserved 1114112K
  class space    used 2447K, committed 2624K, reserved 1048576K

Heap Regions: E=young(eden), S=young(survivor), O=old, HS=humongous(starts), HC=humongous(continues), CS=collection set, F=free, TAMS=top-at-mark-start, PB=parsable bottom
|   0|0x0000000700c00000, 0x0000000700e00000, 0x0000000700e00000|100%| O|  |TAMS 0x0000000700c00000| PB 0x0000000700c00000| Untracked |  0
|   1|0x0000000700e00000, 0x0000000701000000, 0x0000000701000000|100%| O|  |TAMS 0x0000000700e00000| PB 0x0000000700e00000| Untracked |  0
|   2|0x0000000701000000, 0x0000000701200000, 0x0000000701200000|100%| O|  |TAMS 0x0000000701000000| PB 0x0000000701000000| Untracked |  0
|   3|0x0000000701200000, 0x000000070137d370, 0x0000000701400000| 74%| O|  |TAMS 0x0000000701200000| PB 0x0000000701200000| Untracked |  0
|   4|0x0000000701400000, 0x0000000701400000, 0x0000000701600000|  0%| F|  |TAMS 0x0000000701400000| PB 0x0000000701400000| Untracked |  0
|   5|0x0000000701600000, 0x0000000701600000, 0x0000000701800000|  0%| F|  |TAMS 0x0000000701600000| PB 0x0000000701600000| Untracked |  0
|   6|0x0000000701800000, 0x0000000701800000, 0x0000000701a00000|  0%| F|  |TAMS 0x0000000701800000| PB 0x0000000701800000| Untracked |  0
|   7|0x0000000701a00000, 0x0000000701a00000, 0x0000000701c00000|  0%| F|  |TAMS 0x0000000701a00000| PB 0x0000000701a00000| Untracked |  0
|   8|0x0000000701c00000, 0x0000000701c00000, 0x0000000701e00000|  0%| F|  |TAMS 0x0000000701c00000| PB 0x0000000701c00000| Untracked |  0
|   9|0x0000000701e00000, 0x0000000701e00000, 0x0000000702000000|  0%| F|  |TAMS 0x0000000701e00000| PB 0x0000000701e00000| Untracked |  0
|  10|0x0000000702000000, 0x0000000702000000, 0x0000000702200000|  0%| F|  |TAMS 0x0000000702000000| PB 0x0000000702000000| Untracked |  0
|  11|0x0000000702200000, 0x0000000702200000, 0x0000000702400000|  0%| F|  |TAMS 0x0000000702200000| PB 0x0000000702200000| Untracked |  0
|  12|0x0000000702400000, 0x0000000702400000, 0x0000000702600000|  0%| F|  |TAMS 0x0000000702400000| PB 0x0000000702400000| Untracked |  0
|  13|0x0000000702600000, 0x0000000702600000, 0x0000000702800000|  0%| F|  |TAMS 0x0000000702600000| PB 0x0000000702600000| Untracked |  0
|  14|0x0000000702800000, 0x0000000702800000, 0x0000000702a00000|  0%| F|  |TAMS 0x0000000702800000| PB 0x0000000702800000| Untracked |  0
|  15|0x0000000702a00000, 0x0000000702a00000, 0x0000000702c00000|  0%| F|  |TAMS 0x0000000702a00000| PB 0x0000000702a00000| Untracked |  0
|  16|0x0000000702c00000, 0x0000000702c00000, 0x0000000702e00000|  0%| F|  |TAMS 0x0000000702c00000| PB 0x0000000702c00000| Untracked |  0
|  17|0x0000000702e00000, 0x0000000702e00000, 0x0000000703000000|  0%| F|  |TAMS 0x0000000702e00000| PB 0x0000000702e00000| Untracked |  0
|  18|0x0000000703000000, 0x0000000703000000, 0x0000000703200000|  0%| F|  |TAMS 0x0000000703000000| PB 0x0000000703000000| Untracked |  0
|  19|0x0000000703200000, 0x0000000703200000, 0x0000000703400000|  0%| F|  |TAMS 0x0000000703200000| PB 0x0000000703200000| Untracked |  0
|  20|0x0000000703400000, 0x0000000703400000, 0x0000000703600000|  0%| F|  |TAMS 0x0000000703400000| PB 0x0000000703400000| Untracked |  0
|  21|0x0000000703600000, 0x0000000703600000, 0x0000000703800000|  0%| F|  |TAMS 0x0000000703600000| PB 0x0000000703600000| Untracked |  0
|  22|0x0000000703800000, 0x0000000703800000, 0x0000000703a00000|  0%| F|  |TAMS 0x0000000703800000| PB 0x0000000703800000| Untracked |  0
|  23|0x0000000703a00000, 0x0000000703a00000, 0x0000000703c00000|  0%| F|  |TAMS 0x0000000703a00000| PB 0x0000000703a00000| Untracked |  0
|  24|0x0000000703c00000, 0x0000000703c00000, 0x0000000703e00000|  0%| F|  |TAMS 0x0000000703c00000| PB 0x0000000703c00000| Untracked |  0
|  25|0x0000000703e00000, 0x0000000703e00000, 0x0000000704000000|  0%| F|  |TAMS 0x0000000703e00000| PB 0x0000000703e00000| Untracked |  0
|  26|0x0000000704000000, 0x0000000704000000, 0x0000000704200000|  0%| F|  |TAMS 0x0000000704000000| PB 0x0000000704000000| Untracked |  0
|  27|0x0000000704200000, 0x0000000704200000, 0x0000000704400000|  0%| F|  |TAMS 0x0000000704200000| PB 0x0000000704200000| Untracked |  0
|  28|0x0000000704400000, 0x0000000704400000, 0x0000000704600000|  0%| F|  |TAMS 0x0000000704400000| PB 0x0000000704400000| Untracked |  0
|  29|0x0000000704600000, 0x0000000704600000, 0x0000000704800000|  0%| F|  |TAMS 0x0000000704600000| PB 0x0000000704600000| Untracked |  0
|  30|0x0000000704800000, 0x0000000704800000, 0x0000000704a00000|  0%| F|  |TAMS 0x0000000704800000| PB 0x0000000704800000| Untracked |  0
|  31|0x0000000704a00000, 0x0000000704a00000, 0x0000000704c00000|  0%| F|  |TAMS 0x0000000704a00000| PB 0x0000000704a00000| Untracked |  0
|  32|0x0000000704c00000, 0x0000000704c00000, 0x0000000704e00000|  0%| F|  |TAMS 0x0000000704c00000| PB 0x0000000704c00000| Untracked |  0
|  33|0x0000000704e00000, 0x0000000704e00000, 0x0000000705000000|  0%| F|  |TAMS 0x0000000704e00000| PB 0x0000000704e00000| Untracked |  0
|  34|0x0000000705000000, 0x0000000705000000, 0x0000000705200000|  0%| F|  |TAMS 0x0000000705000000| PB 0x0000000705000000| Untracked |  0
|  35|0x0000000705200000, 0x0000000705200000, 0x0000000705400000|  0%| F|  |TAMS 0x0000000705200000| PB 0x0000000705200000| Untracked |  0
|  36|0x0000000705400000, 0x0000000705400000, 0x0000000705600000|  0%| F|  |TAMS 0x0000000705400000| PB 0x0000000705400000| Untracked |  0
|  37|0x0000000705600000, 0x0000000705600000, 0x0000000705800000|  0%| F|  |TAMS 0x0000000705600000| PB 0x0000000705600000| Untracked |  0
|  38|0x0000000705800000, 0x0000000705800000, 0x0000000705a00000|  0%| F|  |TAMS 0x0000000705800000| PB 0x0000000705800000| Untracked |  0
|  39|0x0000000705a00000, 0x0000000705a00000, 0x0000000705c00000|  0%| F|  |TAMS 0x0000000705a00000| PB 0x0000000705a00000| Untracked |  0
|  40|0x0000000705c00000, 0x0000000705c00000, 0x0000000705e00000|  0%| F|  |TAMS 0x0000000705c00000| PB 0x0000000705c00000| Untracked |  0
|  41|0x0000000705e00000, 0x0000000705e00000, 0x0000000706000000|  0%| F|  |TAMS 0x0000000705e00000| PB 0x0000000705e00000| Untracked |  0
|  42|0x0000000706000000, 0x0000000706000000, 0x0000000706200000|  0%| F|  |TAMS 0x0000000706000000| PB 0x0000000706000000| Untracked |  0
|  43|0x0000000706200000, 0x0000000706200000, 0x0000000706400000|  0%| F|  |TAMS 0x0000000706200000| PB 0x0000000706200000| Untracked |  0
|  44|0x0000000706400000, 0x0000000706400000, 0x0000000706600000|  0%| F|  |TAMS 0x0000000706400000| PB 0x0000000706400000| Untracked |  0
|  45|0x0000000706600000, 0x0000000706600000, 0x0000000706800000|  0%| F|  |TAMS 0x0000000706600000| PB 0x0000000706600000| Untracked |  0
|  46|0x0000000706800000, 0x0000000706800000, 0x0000000706a00000|  0%| F|  |TAMS 0x0000000706800000| PB 0x0000000706800000| Untracked |  0
|  47|0x0000000706a00000, 0x0000000706a00000, 0x0000000706c00000|  0%| F|  |TAMS 0x0000000706a00000| PB 0x0000000706a00000| Untracked |  0
|  48|0x0000000706c00000, 0x0000000706c00000, 0x0000000706e00000|  0%| F|  |TAMS 0x0000000706c00000| PB 0x0000000706c00000| Untracked |  0
|  49|0x0000000706e00000, 0x0000000706e00000, 0x0000000707000000|  0%| F|  |TAMS 0x0000000706e00000| PB 0x0000000706e00000| Untracked |  0
|  50|0x0000000707000000, 0x0000000707000000, 0x0000000707200000|  0%| F|  |TAMS 0x0000000707000000| PB 0x0000000707000000| Untracked |  0
|  51|0x0000000707200000, 0x0000000707200000, 0x0000000707400000|  0%| F|  |TAMS 0x0000000707200000| PB 0x0000000707200000| Untracked |  0
|  52|0x0000000707400000, 0x0000000707400000, 0x0000000707600000|  0%| F|  |TAMS 0x0000000707400000| PB 0x0000000707400000| Untracked |  0
|  53|0x0000000707600000, 0x0000000707600000, 0x0000000707800000|  0%| F|  |TAMS 0x0000000707600000| PB 0x0000000707600000| Untracked |  0
|  54|0x0000000707800000, 0x0000000707800000, 0x0000000707a00000|  0%| F|  |TAMS 0x0000000707800000| PB 0x0000000707800000| Untracked |  0
|  55|0x0000000707a00000, 0x0000000707a00000, 0x0000000707c00000|  0%| F|  |TAMS 0x0000000707a00000| PB 0x0000000707a00000| Untracked |  0
|  56|0x0000000707c00000, 0x0000000707c00000, 0x0000000707e00000|  0%| F|  |TAMS 0x0000000707c00000| PB 0x0000000707c00000| Untracked |  0
|  57|0x0000000707e00000, 0x0000000707e00000, 0x0000000708000000|  0%| F|  |TAMS 0x0000000707e00000| PB 0x0000000707e00000| Untracked |  0
|  58|0x0000000708000000, 0x0000000708000000, 0x0000000708200000|  0%| F|  |TAMS 0x0000000708000000| PB 0x0000000708000000| Untracked |  0
|  59|0x0000000708200000, 0x0000000708200000, 0x0000000708400000|  0%| F|  |TAMS 0x0000000708200000| PB 0x0000000708200000| Untracked |  0
|  60|0x0000000708400000, 0x0000000708400000, 0x0000000708600000|  0%| F|  |TAMS 0x0000000708400000| PB 0x0000000708400000| Untracked |  0
|  61|0x0000000708600000, 0x0000000708600000, 0x0000000708800000|  0%| F|  |TAMS 0x0000000708600000| PB 0x0000000708600000| Untracked |  0
|  62|0x0000000708800000, 0x0000000708800000, 0x0000000708a00000|  0%| F|  |TAMS 0x0000000708800000| PB 0x0000000708800000| Untracked |  0
|  63|0x0000000708a00000, 0x0000000708a00000, 0x0000000708c00000|  0%| F|  |TAMS 0x0000000708a00000| PB 0x0000000708a00000| Untracked |  0
|  64|0x0000000708c00000, 0x0000000708c00000, 0x0000000708e00000|  0%| F|  |TAMS 0x0000000708c00000| PB 0x0000000708c00000| Untracked |  0
|  65|0x0000000708e00000, 0x0000000708e00000, 0x0000000709000000|  0%| F|  |TAMS 0x0000000708e00000| PB 0x0000000708e00000| Untracked |  0
|  66|0x0000000709000000, 0x0000000709000000, 0x0000000709200000|  0%| F|  |TAMS 0x0000000709000000| PB 0x0000000709000000| Untracked |  0
|  67|0x0000000709200000, 0x0000000709200000, 0x0000000709400000|  0%| F|  |TAMS 0x0000000709200000| PB 0x0000000709200000| Untracked |  0
|  68|0x0000000709400000, 0x0000000709400000, 0x0000000709600000|  0%| F|  |TAMS 0x0000000709400000| PB 0x0000000709400000| Untracked |  0
|  69|0x0000000709600000, 0x0000000709600000, 0x0000000709800000|  0%| F|  |TAMS 0x0000000709600000| PB 0x0000000709600000| Untracked |  0
|  70|0x0000000709800000, 0x0000000709800000, 0x0000000709a00000|  0%| F|  |TAMS 0x0000000709800000| PB 0x0000000709800000| Untracked |  0
|  71|0x0000000709a00000, 0x0000000709a00000, 0x0000000709c00000|  0%| F|  |TAMS 0x0000000709a00000| PB 0x0000000709a00000| Untracked |  0
|  72|0x0000000709c00000, 0x0000000709c00000, 0x0000000709e00000|  0%| F|  |TAMS 0x0000000709c00000| PB 0x0000000709c00000| Untracked |  0
|  73|0x0000000709e00000, 0x0000000709e00000, 0x000000070a000000|  0%| F|  |TAMS 0x0000000709e00000| PB 0x0000000709e00000| Untracked |  0
|  74|0x000000070a000000, 0x000000070a000000, 0x000000070a200000|  0%| F|  |TAMS 0x000000070a000000| PB 0x000000070a000000| Untracked |  0
|  75|0x000000070a200000, 0x000000070a200000, 0x000000070a400000|  0%| F|  |TAMS 0x000000070a200000| PB 0x000000070a200000| Untracked |  0
|  76|0x000000070a400000, 0x000000070a400000, 0x000000070a600000|  0%| F|  |TAMS 0x000000070a400000| PB 0x000000070a400000| Untracked |  0
|  77|0x000000070a600000, 0x000000070a600000, 0x000000070a800000|  0%| F|  |TAMS 0x000000070a600000| PB 0x000000070a600000| Untracked |  0
|  78|0x000000070a800000, 0x000000070a800000, 0x000000070aa00000|  0%| F|  |TAMS 0x000000070a800000| PB 0x000000070a800000| Untracked |  0
|  79|0x000000070aa00000, 0x000000070aa00000, 0x000000070ac00000|  0%| F|  |TAMS 0x000000070aa00000| PB 0x000000070aa00000| Untracked |  0
|  80|0x000000070ac00000, 0x000000070ac00000, 0x000000070ae00000|  0%| F|  |TAMS 0x000000070ac00000| PB 0x000000070ac00000| Untracked |  0
|  81|0x000000070ae00000, 0x000000070ae00000, 0x000000070b000000|  0%| F|  |TAMS 0x000000070ae00000| PB 0x000000070ae00000| Untracked |  0
|  82|0x000000070b000000, 0x000000070b000000, 0x000000070b200000|  0%| F|  |TAMS 0x000000070b000000| PB 0x000000070b000000| Untracked |  0
|  83|0x000000070b200000, 0x000000070b200000, 0x000000070b400000|  0%| F|  |TAMS 0x000000070b200000| PB 0x000000070b200000| Untracked |  0
|  84|0x000000070b400000, 0x000000070b400000, 0x000000070b600000|  0%| F|  |TAMS 0x000000070b400000| PB 0x000000070b400000| Untracked |  0
|  85|0x000000070b600000, 0x000000070b600000, 0x000000070b800000|  0%| F|  |TAMS 0x000000070b600000| PB 0x000000070b600000| Untracked |  0
|  86|0x000000070b800000, 0x000000070b800000, 0x000000070ba00000|  0%| F|  |TAMS 0x000000070b800000| PB 0x000000070b800000| Untracked |  0
|  87|0x000000070ba00000, 0x000000070ba00000, 0x000000070bc00000|  0%| F|  |TAMS 0x000000070ba00000| PB 0x000000070ba00000| Untracked |  0
|  88|0x000000070bc00000, 0x000000070bc00000, 0x000000070be00000|  0%| F|  |TAMS 0x000000070bc00000| PB 0x000000070bc00000| Untracked |  0
|  89|0x000000070be00000, 0x000000070be00000, 0x000000070c000000|  0%| F|  |TAMS 0x000000070be00000| PB 0x000000070be00000| Untracked |  0
|  90|0x000000070c000000, 0x000000070c000000, 0x000000070c200000|  0%| F|  |TAMS 0x000000070c000000| PB 0x000000070c000000| Untracked |  0
|  91|0x000000070c200000, 0x000000070c200000, 0x000000070c400000|  0%| F|  |TAMS 0x000000070c200000| PB 0x000000070c200000| Untracked |  0
|  92|0x000000070c400000, 0x000000070c400000, 0x000000070c600000|  0%| F|  |TAMS 0x000000070c400000| PB 0x000000070c400000| Untracked |  0
|  93|0x000000070c600000, 0x000000070c6a7a80, 0x000000070c800000| 32%| S|CS|TAMS 0x000000070c600000| PB 0x000000070c600000| Complete |  0
|  94|0x000000070c800000, 0x000000070ca00000, 0x000000070ca00000|100%| S|CS|TAMS 0x000000070c800000| PB 0x000000070c800000| Complete |  0
|  95|0x000000070ca00000, 0x000000070ca00000, 0x000000070cc00000|  0%| F|  |TAMS 0x000000070ca00000| PB 0x000000070ca00000| Untracked |  0
|  96|0x000000070cc00000, 0x000000070cc00000, 0x000000070ce00000|  0%| F|  |TAMS 0x000000070cc00000| PB 0x000000070cc00000| Untracked |  0
|  97|0x000000070ce00000, 0x000000070ce00000, 0x000000070d000000|  0%| F|  |TAMS 0x000000070ce00000| PB 0x000000070ce00000| Untracked |  0
|  98|0x000000070d000000, 0x000000070d000000, 0x000000070d200000|  0%| F|  |TAMS 0x000000070d000000| PB 0x000000070d000000| Untracked |  0
|  99|0x000000070d200000, 0x000000070d200000, 0x000000070d400000|  0%| F|  |TAMS 0x000000070d200000| PB 0x000000070d200000| Untracked |  0
| 100|0x000000070d400000, 0x000000070d400000, 0x000000070d600000|  0%| F|  |TAMS 0x000000070d400000| PB 0x000000070d400000| Untracked |  0
| 101|0x000000070d600000, 0x000000070d600000, 0x000000070d800000|  0%| F|  |TAMS 0x000000070d600000| PB 0x000000070d600000| Untracked |  0
| 102|0x000000070d800000, 0x000000070d800000, 0x000000070da00000|  0%| F|  |TAMS 0x000000070d800000| PB 0x000000070d800000| Untracked |  0
| 103|0x000000070da00000, 0x000000070da00000, 0x000000070dc00000|  0%| F|  |TAMS 0x000000070da00000| PB 0x000000070da00000| Untracked |  0
| 104|0x000000070dc00000, 0x000000070dc00000, 0x000000070de00000|  0%| F|  |TAMS 0x000000070dc00000| PB 0x000000070dc00000| Untracked |  0
| 105|0x000000070de00000, 0x000000070de00000, 0x000000070e000000|  0%| F|  |TAMS 0x000000070de00000| PB 0x000000070de00000| Untracked |  0
| 106|0x000000070e000000, 0x000000070e000000, 0x000000070e200000|  0%| F|  |TAMS 0x000000070e000000| PB 0x000000070e000000| Untracked |  0
| 107|0x000000070e200000, 0x000000070e200000, 0x000000070e400000|  0%| F|  |TAMS 0x000000070e200000| PB 0x000000070e200000| Untracked |  0
| 108|0x000000070e400000, 0x000000070e400000, 0x000000070e600000|  0%| F|  |TAMS 0x000000070e400000| PB 0x000000070e400000| Untracked |  0
| 109|0x000000070e600000, 0x000000070e800000, 0x000000070e800000|100%| E|  |TAMS 0x000000070e600000| PB 0x000000070e600000| Complete |  0
| 110|0x000000070e800000, 0x000000070ea00000, 0x000000070ea00000|100%| E|CS|TAMS 0x000000070e800000| PB 0x000000070e800000| Complete |  0
| 111|0x000000070ea00000, 0x000000070ec00000, 0x000000070ec00000|100%| E|CS|TAMS 0x000000070ea00000| PB 0x000000070ea00000| Complete |  0
| 112|0x000000070ec00000, 0x000000070ee00000, 0x000000070ee00000|100%| E|CS|TAMS 0x000000070ec00000| PB 0x000000070ec00000| Complete |  0
| 113|0x000000070ee00000, 0x000000070f000000, 0x000000070f000000|100%| E|CS|TAMS 0x000000070ee00000| PB 0x000000070ee00000| Complete |  0
| 114|0x000000070f000000, 0x000000070f200000, 0x000000070f200000|100%| E|CS|TAMS 0x000000070f000000| PB 0x000000070f000000| Complete |  0
| 115|0x000000070f200000, 0x000000070f400000, 0x000000070f400000|100%| E|CS|TAMS 0x000000070f200000| PB 0x000000070f200000| Complete |  0
| 116|0x000000070f400000, 0x000000070f600000, 0x000000070f600000|100%| E|CS|TAMS 0x000000070f400000| PB 0x000000070f400000| Complete |  0
| 117|0x000000070f600000, 0x000000070f800000, 0x000000070f800000|100%| E|CS|TAMS 0x000000070f600000| PB 0x000000070f600000| Complete |  0
| 118|0x000000070f800000, 0x000000070fa00000, 0x000000070fa00000|100%| E|CS|TAMS 0x000000070f800000| PB 0x000000070f800000| Complete |  0
| 119|0x000000070fa00000, 0x000000070fc00000, 0x000000070fc00000|100%| E|CS|TAMS 0x000000070fa00000| PB 0x000000070fa00000| Complete |  0
| 120|0x000000070fc00000, 0x000000070fe00000, 0x000000070fe00000|100%| E|CS|TAMS 0x000000070fc00000| PB 0x000000070fc00000| Complete |  0
| 121|0x000000070fe00000, 0x0000000710000000, 0x0000000710000000|100%| E|CS|TAMS 0x000000070fe00000| PB 0x000000070fe00000| Complete |  0
| 122|0x0000000710000000, 0x0000000710200000, 0x0000000710200000|100%| E|CS|TAMS 0x0000000710000000| PB 0x0000000710000000| Complete |  0
| 123|0x0000000710200000, 0x0000000710400000, 0x0000000710400000|100%| E|CS|TAMS 0x0000000710200000| PB 0x0000000710200000| Complete |  0
| 124|0x0000000710400000, 0x0000000710600000, 0x0000000710600000|100%| E|CS|TAMS 0x0000000710400000| PB 0x0000000710400000| Complete |  0
| 125|0x0000000710600000, 0x0000000710800000, 0x0000000710800000|100%| E|CS|TAMS 0x0000000710600000| PB 0x0000000710600000| Complete |  0
| 126|0x0000000710800000, 0x0000000710a00000, 0x0000000710a00000|100%| E|CS|TAMS 0x0000000710800000| PB 0x0000000710800000| Complete |  0
| 127|0x0000000710a00000, 0x0000000710c00000, 0x0000000710c00000|100%| E|CS|TAMS 0x0000000710a00000| PB 0x0000000710a00000| Complete |  0

Card table byte_map: [0x000001c5cd0f0000,0x000001c5cd8f0000] _byte_map_base: 0x000001c5c98ea000

Marking Bits: (CMBitMap*) 0x000001c5b9460580
 Bits: [0x000001c5cd8f0000, 0x000001c5d18c0000)

Polling page: 0x000001c5b72a0000

Metaspace:

Usage:
  Non-class:     13.89 MB used.
      Class:      2.39 MB used.
       Both:     16.28 MB used.

Virtual space:
  Non-class space:       64.00 MB reserved,      14.06 MB ( 22%) committed,  1 nodes.
      Class space:        1.00 GB reserved,       2.56 MB ( <1%) committed,  1 nodes.
             Both:        1.06 GB reserved,      16.62 MB (  2%) committed. 

Chunk freelists:
   Non-Class:  1.84 MB
       Class:  13.47 MB
        Both:  15.31 MB

MaxMetaspaceSize: unlimited
CompressedClassSpaceSize: 1.00 GB
Initial GC threshold: 21.00 MB
Current GC threshold: 21.00 MB
CDS: on
 - commit_granule_bytes: 65536.
 - commit_granule_words: 8192.
 - virtual_space_node_default_size: 8388608.
 - enlarge_chunks_in_place: 1.
 - use_allocation_guard: 0.


Internal statistics:

num_allocs_failed_limit: 0.
num_arena_births: 380.
num_arena_deaths: 0.
num_vsnodes_births: 2.
num_vsnodes_deaths: 0.
num_space_committed: 266.
num_space_uncommitted: 0.
num_chunks_returned_to_freelist: 0.
num_chunks_taken_from_freelist: 939.
num_chunk_merges: 0.
num_chunk_splits: 581.
num_chunks_enlarged: 408.
num_inconsistent_stats: 0.

CodeHeap 'non-profiled nmethods': size=120064Kb used=1288Kb max_used=1288Kb free=118775Kb
 bounds [0x000001c5c4d50000, 0x000001c5c4fc0000, 0x000001c5cc290000]
CodeHeap 'profiled nmethods': size=120000Kb used=5151Kb max_used=5151Kb free=114849Kb
 bounds [0x000001c5bd290000, 0x000001c5bd7a0000, 0x000001c5c47c0000]
CodeHeap 'non-nmethods': size=5696Kb used=1515Kb max_used=1595Kb free=4181Kb
 bounds [0x000001c5c47c0000, 0x000001c5c4a30000, 0x000001c5c4d50000]
CodeCache: size=245760Kb, used=7954Kb, max_used=8034Kb, free=237805Kb
 total_blobs=3919, nmethods=3382, adapters=441, full_count=0
Compilation: enabled, stopped_count=0, restarted_count=0

Compilation events (20 events):
Event: 1.648 Thread 0x000001c5d45ee870 3280       4       net.bytebuddy.jar.asm.ClassReader::readUTF8 (23 bytes)
Event: 1.649 Thread 0x000001c5d45e8210 nmethod 3089 0x000001c5c4e82c08 code [0x000001c5c4e82da0, 0x000001c5c4e83670]
Event: 1.649 Thread 0x000001c5d45e8210 3160       4       java.lang.invoke.Invokers::checkCustomized (23 bytes)
Event: 1.650 Thread 0x000001c5d45e8210 nmethod 3160 0x000001c5c4e83708 code [0x000001c5c4e83820, 0x000001c5c4e838f0]
Event: 1.650 Thread 0x000001c5d45e8210 3014       4       java.lang.reflect.Method::hashCode (19 bytes)
Event: 1.650 Thread 0x000001c5d45ee870 nmethod 3280 0x000001c5c4e83a08 code [0x000001c5c4e83b40, 0x000001c5c4e83f98]
Event: 1.650 Thread 0x000001c5d45ee870 2952   !   4       net.bytebuddy.utility.dispatcher.JavaDispatcher$ProxiedInvocationHandler::invoke (305 bytes)
Event: 1.651 Thread 0x000001c5d45e8210 nmethod 3014 0x000001c5c4e84008 code [0x000001c5c4e841a0, 0x000001c5c4e848d0]
Event: 1.651 Thread 0x000001c5d45e8210 3051       4       java.lang.invoke.LambdaForm$MH/0x000001c5d6001400::invoke (25 bytes)
Event: 1.652 Thread 0x000001c5d45e8210 nmethod 3051 0x000001c5c4e84988 code [0x000001c5c4e84aa0, 0x000001c5c4e84be8]
Event: 1.652 Thread 0x000001c5d45e8210 3105       4       java.lang.invoke.DirectMethodHandle$Holder::invokeSpecial (15 bytes)
Event: 1.652 Thread 0x000001c5d45e8210 nmethod 3105 0x000001c5c4e84c88 code [0x000001c5c4e84da0, 0x000001c5c4e84e98]
Event: 1.652 Thread 0x000001c5d45e8210 2889       4       net.bytebuddy.description.ByteCodeElement$Token$TokenList::get (6 bytes)
Event: 1.653 Thread 0x000001c5d45e8210 nmethod 2889 0x000001c5c4e84f88 code [0x000001c5c4e850a0, 0x000001c5c4e85208]
Event: 1.653 Thread 0x000001c5d45e8210 3223       4       net.bytebuddy.jar.asm.ClassReader::readInt (52 bytes)
Event: 1.654 Thread 0x000001c5d45e8210 nmethod 3223 0x000001c5c4e85288 code [0x000001c5c4e85380, 0x000001c5c4e854a8]
Event: 1.654 Thread 0x000001c5d45e8210 3213       4       net.bytebuddy.jar.asm.ClassReader::getItem (7 bytes)
Event: 1.654 Thread 0x000001c5d45e8210 nmethod 3213 0x000001c5c4e85588 code [0x000001c5c4e85680, 0x000001c5c4e85748]
Event: 1.657 Thread 0x000001c5d45ee870 nmethod 2952 0x000001c5c4e85888 code [0x000001c5c4e85aa0, 0x000001c5c4e86858]
Event: 1.732 Thread 0x000001c5d45eef40 nmethod 2985 0x000001c5c4e86908 code [0x000001c5c4e870c0, 0x000001c5c4e91fb0]

GC Heap History (6 events):
Event: 0.359 GC heap before
{Heap before GC invocations=0 (full 0):
 garbage-first heap   total reserved 4182016K, committed 262144K, used 24576K [0x0000000700c00000, 0x0000000800000000)
  region size 2048K, 12 young (24576K), 0 survivors (0K)
 Metaspace       used 4409K, committed 4544K, reserved 1114112K
  class space    used 449K, committed 512K, reserved 1048576K
}
Event: 0.361 GC heap after
{Heap after GC invocations=1 (full 0):
 garbage-first heap   total reserved 4182016K, committed 262144K, used 7400K [0x0000000700c00000, 0x0000000800000000)
  region size 2048K, 2 young (4096K), 2 survivors (4096K)
 Metaspace       used 4409K, committed 4544K, reserved 1114112K
  class space    used 449K, committed 512K, reserved 1048576K
}
Event: 0.532 GC heap before
{Heap before GC invocations=1 (full 0):
 garbage-first heap   total reserved 4182016K, committed 262144K, used 25832K [0x0000000700c00000, 0x0000000800000000)
  region size 2048K, 12 young (24576K), 2 survivors (4096K)
 Metaspace       used 7214K, committed 7424K, reserved 1114112K
  class space    used 885K, committed 960K, reserved 1048576K
}
Event: 0.533 GC heap after
{Heap after GC invocations=2 (full 0):
 garbage-first heap   total reserved 4182016K, committed 262144K, used 8575K [0x0000000700c00000, 0x0000000800000000)
  region size 2048K, 1 young (2048K), 1 survivors (2048K)
 Metaspace       used 7214K, committed 7424K, reserved 1114112K
  class space    used 885K, committed 960K, reserved 1048576K
}
Event: 1.191 GC heap before
{Heap before GC invocations=2 (full 0):
 garbage-first heap   total reserved 4182016K, committed 262144K, used 74111K [0x0000000700c00000, 0x0000000800000000)
  region size 2048K, 33 young (67584K), 1 survivors (2048K)
 Metaspace       used 13802K, committed 14144K, reserved 1114112K
  class space    used 1979K, committed 2112K, reserved 1048576K
}
Event: 1.192 GC heap after
{Heap after GC invocations=3 (full 0):
 garbage-first heap   total reserved 4182016K, committed 262144K, used 10387K [0x0000000700c00000, 0x0000000800000000)
  region size 2048K, 2 young (4096K), 2 survivors (4096K)
 Metaspace       used 13802K, committed 14144K, reserved 1114112K
  class space    used 1979K, committed 2112K, reserved 1048576K
}

Dll operation events (10 events):
Event: 0.005 Loaded shared library C:\Users\T-GAMER\.p2\pool\plugins\org.eclipse.justj.openjdk.hotspot.jre.full.win32.x86_64_23.0.1.v20241024-1700\jre\bin\java.dll
Event: 0.076 Loaded shared library C:\Users\T-GAMER\.p2\pool\plugins\org.eclipse.justj.openjdk.hotspot.jre.full.win32.x86_64_23.0.1.v20241024-1700\jre\bin\zip.dll
Event: 0.105 Loaded shared library C:\Users\T-GAMER\.p2\pool\plugins\org.eclipse.justj.openjdk.hotspot.jre.full.win32.x86_64_23.0.1.v20241024-1700\jre\bin\instrument.dll
Event: 0.107 Loaded shared library C:\Users\T-GAMER\.p2\pool\plugins\org.eclipse.justj.openjdk.hotspot.jre.full.win32.x86_64_23.0.1.v20241024-1700\jre\bin\net.dll
Event: 0.108 Loaded shared library C:\Users\T-GAMER\.p2\pool\plugins\org.eclipse.justj.openjdk.hotspot.jre.full.win32.x86_64_23.0.1.v20241024-1700\jre\bin\nio.dll
Event: 0.110 Loaded shared library C:\Users\T-GAMER\.p2\pool\plugins\org.eclipse.justj.openjdk.hotspot.jre.full.win32.x86_64_23.0.1.v20241024-1700\jre\bin\zip.dll
Event: 0.207 Loaded shared library C:\Users\T-GAMER\.p2\pool\plugins\org.eclipse.justj.openjdk.hotspot.jre.full.win32.x86_64_23.0.1.v20241024-1700\jre\bin\jimage.dll
Event: 0.237 Loaded shared library C:\Users\T-GAMER\.p2\pool\plugins\org.eclipse.justj.openjdk.hotspot.jre.full.win32.x86_64_23.0.1.v20241024-1700\jre\bin\verify.dll
Event: 0.296 Loaded shared library C:\Users\T-GAMER\.p2\pool\plugins\org.eclipse.justj.openjdk.hotspot.jre.full.win32.x86_64_23.0.1.v20241024-1700\jre\bin\extnet.dll
Event: 0.695 Loaded shared library C:\Users\T-GAMER\.p2\pool\plugins\org.eclipse.justj.openjdk.hotspot.jre.full.win32.x86_64_23.0.1.v20241024-1700\jre\bin\instrument.dll

Deoptimization events (20 events):
Event: 1.382 Thread 0x000001c5b7032d90 DEOPT PACKING pc=0x000001c5bd5e9b41 sp=0x0000007cb7af6580
Event: 1.382 Thread 0x000001c5b7032d90 DEOPT UNPACKING pc=0x000001c5c4814b22 sp=0x0000007cb7af5b30 mode 0
Event: 1.452 Thread 0x000001c5b7032d90 DEOPT PACKING pc=0x000001c5bd463a51 sp=0x0000007cb7afb240
Event: 1.452 Thread 0x000001c5b7032d90 DEOPT UNPACKING pc=0x000001c5c4814b22 sp=0x0000007cb7afa698 mode 1
Event: 1.453 Thread 0x000001c5b7032d90 DEOPT PACKING pc=0x000001c5bd4634c4 sp=0x0000007cb7afb2d0
Event: 1.453 Thread 0x000001c5b7032d90 DEOPT UNPACKING pc=0x000001c5c4814b22 sp=0x0000007cb7afa778 mode 1
Event: 1.453 Thread 0x000001c5b7032d90 DEOPT PACKING pc=0x000001c5bd45b36c sp=0x0000007cb7afbc90
Event: 1.453 Thread 0x000001c5b7032d90 DEOPT UNPACKING pc=0x000001c5c4814b22 sp=0x0000007cb7afb158 mode 1
Event: 1.453 Thread 0x000001c5b7032d90 DEOPT PACKING pc=0x000001c5bd45afec sp=0x0000007cb7afbd20
Event: 1.453 Thread 0x000001c5b7032d90 DEOPT UNPACKING pc=0x000001c5c4814b22 sp=0x0000007cb7afb1f8 mode 1
Event: 1.454 Thread 0x000001c5b7032d90 DEOPT PACKING pc=0x000001c5bd5e9b41 sp=0x0000007cb7af69b0
Event: 1.454 Thread 0x000001c5b7032d90 DEOPT UNPACKING pc=0x000001c5c4814b22 sp=0x0000007cb7af5f60 mode 0
Event: 1.465 Thread 0x000001c5b7032d90 Uncommon trap: trap_request=0xffffff45 fr.pc=0x000001c5c4daa58c relative=0x000000000000016c
Event: 1.465 Thread 0x000001c5b7032d90 Uncommon trap: reason=unstable_if action=reinterpret pc=0x000001c5c4daa58c method=org.eclipse.jdt.launching.internal.org.objectweb.asm.Type.hashCode()I @ 8 c2
Event: 1.465 Thread 0x000001c5b7032d90 DEOPT PACKING pc=0x000001c5c4daa58c sp=0x0000007cb7af8470
Event: 1.465 Thread 0x000001c5b7032d90 DEOPT UNPACKING pc=0x000001c5c4814402 sp=0x0000007cb7af8400 mode 2
Event: 1.465 Thread 0x000001c5b7032d90 Uncommon trap: trap_request=0xffffff45 fr.pc=0x000001c5c4e4f1ec relative=0x00000000000080ac
Event: 1.465 Thread 0x000001c5b7032d90 Uncommon trap: reason=unstable_if action=reinterpret pc=0x000001c5c4e4f1ec method=org.eclipse.jdt.launching.internal.org.objectweb.asm.ClassWriter.toByteArray()[B @ 541 c2
Event: 1.465 Thread 0x000001c5b7032d90 DEOPT PACKING pc=0x000001c5c4e4f1ec sp=0x0000007cb7af8700
Event: 1.465 Thread 0x000001c5b7032d90 DEOPT UNPACKING pc=0x000001c5c4814402 sp=0x0000007cb7af86f8 mode 2

Classes loaded (20 events):
Event: 1.475 Loading class net/bytebuddy/implementation/bytecode/member/MethodVariableAccess$OffsetWriting
Event: 1.475 Loading class net/bytebuddy/implementation/bytecode/member/MethodVariableAccess$OffsetWriting done
Event: 1.503 Loading class org/mockito/plugins/MockMaker
Event: 1.503 Loading class org/mockito/plugins/MockMaker done
Event: 1.503 Loading class org/mockito/plugins/MockMaker
Event: 1.503 Loading class org/mockito/plugins/MockMaker done
Event: 1.504 Loading class org/mockito/internal/stubbing/StubberImpl
Event: 1.504 Loading class org/mockito/internal/stubbing/StubberImpl done
Event: 1.505 Loading class org/mockito/internal/matchers/Any
Event: 1.505 Loading class org/mockito/internal/matchers/Any done
Event: 1.511 Loading class org/mockito/internal/creation/bytebuddy/MockMethodAdvice$RealMethodCall
Event: 1.511 Loading class org/mockito/internal/creation/bytebuddy/MockMethodAdvice$RealMethodCall done
Event: 1.511 Loading class org/mockito/internal/creation/bytebuddy/MockMethodAdvice$ReturnValueWrapper
Event: 1.511 Loading class org/mockito/internal/creation/bytebuddy/MockMethodAdvice$ReturnValueWrapper done
Event: 1.512 Loading class java/util/stream/SliceOps
Event: 1.512 Loading class java/util/stream/SliceOps done
Event: 1.512 Loading class java/util/stream/SliceOps$1
Event: 1.512 Loading class java/util/stream/SliceOps$1 done
Event: 1.512 Loading class java/util/stream/SliceOps$1$1
Event: 1.512 Loading class java/util/stream/SliceOps$1$1 done

Classes unloaded (0 events):
No events

Classes redefined (12 events):
Event: 1.297 Thread 0x000001c5d45bafd0 redefined class name=org.springframework.data.repository.query.QueryByExampleExecutor, count=1
Event: 1.297 Thread 0x000001c5d45bafd0 redefined class name=com.fiap.techmesa.infrastructure.persistence.repository.RestaurantRepository, count=1
Event: 1.297 Thread 0x000001c5d45bafd0 redefined class name=org.springframework.data.jpa.repository.JpaRepository, count=1
Event: 1.297 Thread 0x000001c5d45bafd0 redefined class name=org.springframework.data.repository.PagingAndSortingRepository, count=1
Event: 1.297 Thread 0x000001c5d45bafd0 redefined class name=org.springframework.data.repository.ListCrudRepository, count=1
Event: 1.297 Thread 0x000001c5d45bafd0 redefined class name=org.springframework.data.repository.CrudRepository, count=1
Event: 1.297 Thread 0x000001c5d45bafd0 redefined class name=org.springframework.data.repository.Repository, count=1
Event: 1.297 Thread 0x000001c5d45bafd0 redefined class name=org.springframework.data.repository.ListPagingAndSortingRepository, count=1
Event: 1.388 Thread 0x000001c5d45bafd0 redefined class name=com.fiap.techmesa.infrastructure.persistence.repository.AddressRepository, count=1
Event: 1.494 Thread 0x000001c5d45bafd0 redefined class name=com.fiap.techmesa.infrastructure.gateway.RestaurantGatewayImpl, count=1
Event: 1.495 Thread 0x000001c5d45bafd0 redefined class name=java.lang.Object, count=1
Event: 1.495 Thread 0x000001c5d45bafd0 redefined class name=com.fiap.techmesa.application.gateway.RestaurantGateway, count=2

Internal exceptions (20 events):
Event: 0.996 Thread 0x000001c5b7032d90 Exception <a 'java/lang/NoSuchMethodError'{0x000000070e77dca8}: 'java.lang.Class[] java.lang.Class.getNestMembers(java.lang.Class)'> (0x000000070e77dca8) 
thrown [s\src\hotspot\share\interpreter\linkResolver.cpp, line 796]
Event: 1.089 Thread 0x000001c5b7032d90 Exception <a 'java/lang/NoSuchMethodError'{0x000000070d84d630}: 'long java.lang.invoke.DirectMethodHandle$Holder.invokeStatic(java.lang.Object, java.lang.Object, int)'> (0x000000070d84d630) 
thrown [s\src\hotspot\share\interpreter\linkResolver.cpp, line 796]
Event: 1.090 Thread 0x000001c5b7032d90 Exception <a 'java/lang/NoSuchMethodError'{0x000000070d863120}: 'java.lang.Object java.lang.invoke.DirectMethodHandle$Holder.invokeStatic(java.lang.Object, java.lang.Object, java.lang.Object, java.lang.Object, int)'> (0x000000070d863120) 
thrown [s\src\hotspot\share\interpreter\linkResolver.cpp, line 796]
Event: 1.091 Thread 0x000001c5b7032d90 Exception <a 'java/lang/NoSuchMethodError'{0x000000070d872218}: 'void java.lang.invoke.DelegatingMethodHandle$Holder.reinvoke_L(java.lang.Object, java.lang.Object, java.lang.Object, long, int)'> (0x000000070d872218) 
thrown [s\src\hotspot\share\interpreter\linkResolver.cpp, line 796]
Event: 1.095 Thread 0x000001c5b7032d90 Exception <a 'java/lang/NoSuchMethodError'{0x000000070d8e79c8}: 'int java.lang.invoke.DirectMethodHandle$Holder.invokeStaticInit(java.lang.Object, java.lang.Object, java.lang.Object, java.lang.Object)'> (0x000000070d8e79c8) 
thrown [s\src\hotspot\share\interpreter\linkResolver.cpp, line 796]
Event: 1.096 Thread 0x000001c5b7032d90 Exception <a 'java/lang/IncompatibleClassChangeError'{0x000000070d8f0368}: Found class java.lang.Object, but interface was expected> (0x000000070d8f0368) 
thrown [s\src\hotspot\share\interpreter\linkResolver.cpp, line 863]
Event: 1.096 Thread 0x000001c5b7032d90 Exception <a 'java/lang/NoSuchMethodError'{0x000000070d8f33b0}: 'void java.lang.invoke.DirectMethodHandle$Holder.invokeStaticInit(java.lang.Object, java.lang.Object)'> (0x000000070d8f33b0) 
thrown [s\src\hotspot\share\interpreter\linkResolver.cpp, line 796]
Event: 1.133 Thread 0x000001c5b7032d90 Exception <a 'java/lang/ClassNotFoundException'{0x000000070d313550}: java/lang/ClassLoader$ByteBuddyAccessor$V1> (0x000000070d313550) 
thrown [s\src\hotspot\share\classfile\systemDictionary.cpp, line 313]
Event: 1.134 Thread 0x000001c5b7032d90 Exception <a 'java/lang/NoSuchMethodError'{0x000000070d31cd10}: 'java.lang.Object java.lang.invoke.DelegatingMethodHandle$Holder.reinvoke_L(java.lang.Object, java.lang.Object, java.lang.Object, java.lang.Object, int, int, java.lang.Object, java.lang.Object)'> (0x000000070d31cd10) 
thrown [s\src\hotspot\share\interpreter\linkResolver.cpp, line 796]
Event: 1.172 Thread 0x000001c5b7032d90 Exception <a 'java/lang/NoSuchMethodError'{0x000000070cc90d50}: 'int java.lang.invoke.DirectMethodHandle$Holder.invokeInterface(java.lang.Object, java.lang.Object)'> (0x000000070cc90d50) 
thrown [s\src\hotspot\share\interpreter\linkResolver.cpp, line 796]
Event: 1.253 Thread 0x000001c5b7032d90 Exception <a 'java/lang/NoSuchMethodError'{0x00000007103d9420}: 'int java.lang.invoke.DirectMethodHandle$Holder.invokeVirtual(java.lang.Object, java.lang.Object, java.lang.Object)'> (0x00000007103d9420) 
thrown [s\src\hotspot\share\interpreter\linkResolver.cpp, line 796]
Event: 1.358 Thread 0x000001c5b7032d90 Exception <a 'java/lang/IncompatibleClassChangeError'{0x000000070f586378}: Found class java.lang.Object, but interface was expected> (0x000000070f586378) 
thrown [s\src\hotspot\share\interpreter\linkResolver.cpp, line 863]
Event: 1.374 Thread 0x000001c5b7032d90 Exception <a 'java/lang/NoSuchMethodError'{0x000000070f311298}: 'java.lang.Object java.lang.invoke.DirectMethodHandle$Holder.invokeVirtual(java.lang.Object, java.lang.Object, java.lang.Object, java.lang.Object)'> (0x000000070f311298) 
thrown [s\src\hotspot\share\interpreter\linkResolver.cpp, line 796]
Event: 1.376 Thread 0x000001c5b7032d90 Exception <a 'java/lang/NoSuchMethodError'{0x000000070f3332d8}: 'java.lang.Object java.lang.invoke.DelegatingMethodHandle$Holder.reinvoke_L(java.lang.Object, java.lang.Object, java.lang.Object, java.lang.Object, java.lang.Object, int, int, java.lang.Object)'> (0x000000070f3332d8) 
thrown [s\src\hotspot\share\interpreter\linkResolver.cpp, line 796]
Event: 1.379 Thread 0x000001c5b7032d90 Exception <a 'java/lang/NoSuchMethodError'{0x000000070f395768}: 'java.lang.Object java.lang.invoke.Invokers$Holder.invoker(java.lang.Object, java.lang.Object)'> (0x000000070f395768) 
thrown [s\src\hotspot\share\interpreter\linkResolver.cpp, line 796]
Event: 1.379 Thread 0x000001c5b7032d90 Exception <a 'java/lang/NoSuchMethodError'{0x000000070f39eda0}: 'java.lang.Object java.lang.invoke.Invokers$Holder.invoker(java.lang.Object, java.lang.Object, java.lang.Object, java.lang.Object)'> (0x000000070f39eda0) 
thrown [s\src\hotspot\share\interpreter\linkResolver.cpp, line 796]
Event: 1.383 Thread 0x000001c5b7032d90 Exception <a 'java/lang/NoSuchMethodError'{0x000000070f015c78}: 'java.lang.Object java.lang.invoke.Invokers$Holder.invoker(java.lang.Object, java.lang.Object, java.lang.Object)'> (0x000000070f015c78) 
thrown [s\src\hotspot\share\interpreter\linkResolver.cpp, line 796]
Event: 1.442 Thread 0x000001c5b7032d90 Exception <a 'java/lang/IncompatibleClassChangeError'{0x000000070ed8dd68}: Found class java.lang.Object, but interface was expected> (0x000000070ed8dd68) 
thrown [s\src\hotspot\share\interpreter\linkResolver.cpp, line 863]
Event: 1.444 Thread 0x000001c5b7032d90 Exception <a 'java/lang/NoSuchMethodError'{0x000000070edad590}: 'java.lang.Object java.lang.invoke.DirectMethodHandle$Holder.invokeStatic(java.lang.Object, int, java.lang.Object)'> (0x000000070edad590) 
thrown [s\src\hotspot\share\interpreter\linkResolver.cpp, line 796]
Event: 1.461 Thread 0x000001c5b7032d90 Exception <a 'java/lang/NoSuchMethodError'{0x000000070ebc3f50}: 'void java.lang.invoke.DelegatingMethodHandle$Holder.reinvoke_L(java.lang.Object, java.lang.Object, java.lang.Object, java.lang.Object, java.lang.Object, java.lang.Object, java.lang.Object, java.lang.Object)'> (0x000000070ebc3f50) 
thrown [s\src\hotspot\share\interpreter\linkResolver.cpp, line 796]

VM Operations (20 events):
Event: 2.015 Executing VM operation: get/set locals done
Event: 2.015 Executing VM operation: get/set locals
Event: 2.015 Executing VM operation: get/set locals done
Event: 2.015 Executing VM operation: get/set locals
Event: 2.015 Executing VM operation: get/set locals done
Event: 2.016 Executing VM operation: get/set locals
Event: 2.016 Executing VM operation: get/set locals done
Event: 2.016 Executing VM operation: get/set locals
Event: 2.016 Executing VM operation: get/set locals done
Event: 2.016 Executing VM operation: get/set locals
Event: 2.016 Executing VM operation: get/set locals done
Event: 2.016 Executing VM operation: get/set locals
Event: 2.016 Executing VM operation: get/set locals done
Event: 6.526 Executing VM operation: ChangeBreakpoints
Event: 6.527 Executing VM operation: ChangeBreakpoints done
Event: 6.527 Executing VM operation: ChangeBreakpoints
Event: 6.527 Executing VM operation: ChangeBreakpoints done
Event: 8.828 Executing VM operation: get/set locals
Event: 8.828 Executing VM operation: get/set locals done
Event: 8.941 Executing VM operation: get/set locals

Memory protections (0 events):
No events

Nmethod flushes (0 events):
No events

Events (20 events):
Event: 0.016 Thread 0x000001c5b7032d90 Thread added: 0x000001c5b7032d90
Event: 0.024 Thread 0x000001c5b7032d90 Thread added: 0x000001c5d45d37b0
Event: 0.024 Thread 0x000001c5b7032d90 Thread added: 0x000001c5d45d4880
Event: 0.024 Thread 0x000001c5b7032d90 Thread added: 0x000001c5d45d8730
Event: 0.024 Thread 0x000001c5b7032d90 Thread added: 0x000001c5d45d9190
Event: 0.024 Thread 0x000001c5b7032d90 Thread added: 0x000001c5d45d9da0
Event: 0.024 Thread 0x000001c5b7032d90 Thread added: 0x000001c5d45dd320
Event: 0.024 Thread 0x000001c5b7032d90 Thread added: 0x000001c5d45e8210
Event: 0.024 Thread 0x000001c5b7032d90 Thread added: 0x000001c5d45efce0
Event: 0.072 Thread 0x000001c5b7032d90 Thread added: 0x000001c5d46ec6e0
Event: 0.082 Thread 0x000001c5d45efce0 Thread added: 0x000001c5d45edad0
Event: 0.087 Thread 0x000001c5b7032d90 Thread added: 0x000001c5d48e0590
Event: 0.087 Thread 0x000001c5b7032d90 Thread added: 0x000001c5d48161a0
Event: 0.087 Thread 0x000001c5d48e0590 Thread added: 0x000001c5d4816830
Event: 0.233 Thread 0x000001c5b7032d90 Thread added: 0x000001c5d46eda90
Event: 0.301 Thread 0x000001c5b7032d90 Thread added: 0x000001c5d46ecd70
Event: 0.696 Thread 0x000001c5d45edad0 Thread exited: 0x000001c5d45edad0
Event: 0.751 Thread 0x000001c5d45efce0 Thread added: 0x000001c5d45ee870
Event: 0.956 Thread 0x000001c5d45efce0 Thread added: 0x000001c5d45eef40
Event: 6.737 Thread 0x000001c5d45eef40 Thread exited: 0x000001c5d45eef40


Dynamic libraries:
0x00007ff719480000 - 0x00007ff71948e000 	C:\Users\T-GAMER\.p2\pool\plugins\org.eclipse.justj.openjdk.hotspot.jre.full.win32.x86_64_23.0.1.v20241024-1700\jre\bin\javaw.exe
0x00007fff44e50000 - 0x00007fff45048000 	C:\Windows\SYSTEM32\ntdll.dll
0x00007fff44af0000 - 0x00007fff44bb2000 	C:\Windows\System32\KERNEL32.DLL
0x00007fff42590000 - 0x00007fff4288f000 	C:\Windows\System32\KERNELBASE.dll
0x00007fff42a10000 - 0x00007fff42b10000 	C:\Windows\System32\ucrtbase.dll
0x00007fff2b780000 - 0x00007fff2b797000 	C:\Users\T-GAMER\.p2\pool\plugins\org.eclipse.justj.openjdk.hotspot.jre.full.win32.x86_64_23.0.1.v20241024-1700\jre\bin\jli.dll
0x00007fff3f060000 - 0x00007fff3f07e000 	C:\Users\T-GAMER\.p2\pool\plugins\org.eclipse.justj.openjdk.hotspot.jre.full.win32.x86_64_23.0.1.v20241024-1700\jre\bin\VCRUNTIME140.dll
0x00007fff446b0000 - 0x00007fff4484d000 	C:\Windows\System32\USER32.dll
0x00007fff429e0000 - 0x00007fff42a02000 	C:\Windows\System32\win32u.dll
0x00007fff2e830000 - 0x00007fff2eaca000 	C:\Windows\WinSxS\amd64_microsoft.windows.common-controls_6595b64144ccf1df_6.0.19041.4355_none_60b8b9eb71f62e16\COMCTL32.dll
0x00007fff441c0000 - 0x00007fff441eb000 	C:\Windows\System32\GDI32.dll
0x00007fff44300000 - 0x00007fff4439e000 	C:\Windows\System32\msvcrt.dll
0x00007fff42b10000 - 0x00007fff42c2a000 	C:\Windows\System32\gdi32full.dll
0x00007fff424f0000 - 0x00007fff4258d000 	C:\Windows\System32\msvcp_win.dll
0x00007fff43dd0000 - 0x00007fff43dff000 	C:\Windows\System32\IMM32.DLL
0x00007fff3d530000 - 0x00007fff3d53c000 	C:\Users\T-GAMER\.p2\pool\plugins\org.eclipse.justj.openjdk.hotspot.jre.full.win32.x86_64_23.0.1.v20241024-1700\jre\bin\vcruntime140_1.dll
0x00007ffea4d10000 - 0x00007ffea4d9d000 	C:\Users\T-GAMER\.p2\pool\plugins\org.eclipse.justj.openjdk.hotspot.jre.full.win32.x86_64_23.0.1.v20241024-1700\jre\bin\msvcp140.dll
0x00007ffe9c050000 - 0x00007ffe9ce1d000 	C:\Users\T-GAMER\.p2\pool\plugins\org.eclipse.justj.openjdk.hotspot.jre.full.win32.x86_64_23.0.1.v20241024-1700\jre\bin\server\jvm.dll
0x00007fff43120000 - 0x00007fff431cf000 	C:\Windows\System32\ADVAPI32.dll
0x00007fff42fa0000 - 0x00007fff4303f000 	C:\Windows\System32\sechost.dll
0x00007fff44910000 - 0x00007fff44a33000 	C:\Windows\System32\RPCRT4.dll
0x00007fff42e40000 - 0x00007fff42e67000 	C:\Windows\System32\bcrypt.dll
0x00007fff44280000 - 0x00007fff442eb000 	C:\Windows\System32\WS2_32.dll
0x00007fff41a80000 - 0x00007fff41acb000 	C:\Windows\SYSTEM32\POWRPROF.dll
0x00007fff3ce30000 - 0x00007fff3ce3a000 	C:\Windows\SYSTEM32\VERSION.dll
0x00007fff39600000 - 0x00007fff39627000 	C:\Windows\SYSTEM32\WINMM.dll
0x00007fff418f0000 - 0x00007fff41902000 	C:\Windows\SYSTEM32\UMPDC.dll
0x00007fff40390000 - 0x00007fff403a2000 	C:\Windows\SYSTEM32\kernel.appcore.dll
0x00007fff3ef80000 - 0x00007fff3ef8a000 	C:\Users\T-GAMER\.p2\pool\plugins\org.eclipse.justj.openjdk.hotspot.jre.full.win32.x86_64_23.0.1.v20241024-1700\jre\bin\jimage.dll
0x00007fff38920000 - 0x00007fff38b04000 	C:\Windows\SYSTEM32\DBGHELP.DLL
0x00007fff27ac0000 - 0x00007fff27af4000 	C:\Windows\SYSTEM32\dbgcore.DLL
0x00007fff42890000 - 0x00007fff42912000 	C:\Windows\System32\bcryptPrimitives.dll
0x00007fff1d2e0000 - 0x00007fff1d31c000 	C:\Users\T-GAMER\.p2\pool\plugins\org.eclipse.justj.openjdk.hotspot.jre.full.win32.x86_64_23.0.1.v20241024-1700\jre\bin\jdwp.dll
0x00007fff38f30000 - 0x00007fff38f3f000 	C:\Users\T-GAMER\.p2\pool\plugins\org.eclipse.justj.openjdk.hotspot.jre.full.win32.x86_64_23.0.1.v20241024-1700\jre\bin\instrument.dll
0x00007fff2a820000 - 0x00007fff2a83e000 	C:\Users\T-GAMER\.p2\pool\plugins\org.eclipse.justj.openjdk.hotspot.jre.full.win32.x86_64_23.0.1.v20241024-1700\jre\bin\java.dll
0x00007fff42e70000 - 0x00007fff42f9b000 	C:\Windows\System32\ole32.dll
0x00007fff43e60000 - 0x00007fff441b5000 	C:\Windows\System32\combase.dll
0x00007fff431e0000 - 0x00007fff4394d000 	C:\Windows\System32\SHELL32.dll
0x00007fff40590000 - 0x00007fff40d34000 	C:\Windows\SYSTEM32\windows.storage.dll
0x00007fff41f20000 - 0x00007fff41f4b000 	C:\Windows\SYSTEM32\Wldp.dll
0x00007fff44bc0000 - 0x00007fff44c8d000 	C:\Windows\System32\OLEAUT32.dll
0x00007fff44a40000 - 0x00007fff44aed000 	C:\Windows\System32\SHCORE.dll
0x00007fff44c90000 - 0x00007fff44ce5000 	C:\Windows\System32\shlwapi.dll
0x00007fff42420000 - 0x00007fff42445000 	C:\Windows\SYSTEM32\profapi.dll
0x00007fff1fbf0000 - 0x00007fff1fc07000 	C:\Users\T-GAMER\.p2\pool\plugins\org.eclipse.justj.openjdk.hotspot.jre.full.win32.x86_64_23.0.1.v20241024-1700\jre\bin\zip.dll
0x00007fff38ee0000 - 0x00007fff38eec000 	C:\Users\T-GAMER\.p2\pool\plugins\org.eclipse.justj.openjdk.hotspot.jre.full.win32.x86_64_23.0.1.v20241024-1700\jre\bin\dt_socket.dll
0x00007fff41910000 - 0x00007fff4194b000 	C:\Windows\SYSTEM32\IPHLPAPI.DLL
0x00007fff41c80000 - 0x00007fff41cec000 	C:\Windows\system32\mswsock.dll
0x00007fff41960000 - 0x00007fff41a2a000 	C:\Windows\SYSTEM32\DNSAPI.dll
0x00007fff441f0000 - 0x00007fff441f8000 	C:\Windows\System32\NSI.dll
0x00007fff2d620000 - 0x00007fff2d62a000 	C:\Windows\System32\rasadhlp.dll
0x00007fff2d850000 - 0x00007fff2d8d0000 	C:\Windows\System32\fwpuclnt.dll
0x00007fff2b230000 - 0x00007fff2b240000 	C:\Users\T-GAMER\.p2\pool\plugins\org.eclipse.justj.openjdk.hotspot.jre.full.win32.x86_64_23.0.1.v20241024-1700\jre\bin\net.dll
0x00007fff1fb60000 - 0x00007fff1fb76000 	C:\Users\T-GAMER\.p2\pool\plugins\org.eclipse.justj.openjdk.hotspot.jre.full.win32.x86_64_23.0.1.v20241024-1700\jre\bin\nio.dll
0x00007fff2ab30000 - 0x00007fff2ab40000 	C:\Users\T-GAMER\.p2\pool\plugins\org.eclipse.justj.openjdk.hotspot.jre.full.win32.x86_64_23.0.1.v20241024-1700\jre\bin\verify.dll
0x00007fff2a7d0000 - 0x00007fff2a7d9000 	C:\Users\T-GAMER\.p2\pool\plugins\org.eclipse.justj.openjdk.hotspot.jre.full.win32.x86_64_23.0.1.v20241024-1700\jre\bin\extnet.dll
0x00007fff41e70000 - 0x00007fff41e88000 	C:\Windows\SYSTEM32\CRYPTSP.dll
0x00007fff41530000 - 0x00007fff41568000 	C:\Windows\system32\rsaenh.dll
0x00007fff423a0000 - 0x00007fff423ce000 	C:\Windows\SYSTEM32\USERENV.dll
0x00007fff41e90000 - 0x00007fff41e9c000 	C:\Windows\SYSTEM32\CRYPTBASE.dll

dbghelp: loaded successfully - version: 4.0.5 - missing functions: none
symbol engine: initialized successfully - sym options: 0x614 - pdb path: .;C:\Users\T-GAMER\.p2\pool\plugins\org.eclipse.justj.openjdk.hotspot.jre.full.win32.x86_64_23.0.1.v20241024-1700\jre\bin;C:\Windows\SYSTEM32;C:\Windows\WinSxS\amd64_microsoft.windows.common-controls_6595b64144ccf1df_6.0.19041.4355_none_60b8b9eb71f62e16;C:\Users\T-GAMER\.p2\pool\plugins\org.eclipse.justj.openjdk.hotspot.jre.full.win32.x86_64_23.0.1.v20241024-1700\jre\bin\server

VM Arguments:
jvm_args: -XX:+ShowCodeDetailsInExceptionMessages -agentlib:jdwp=transport=dt_socket,suspend=y,address=localhost:62422 -ea -javaagent:C:\Users\T-GAMER\eclipse\java-2024-09\eclipse\configuration\org.eclipse.osgi\251\0\.cp\lib\javaagent-shaded.jar -Dfile.encoding=UTF-8 -Dstdout.encoding=UTF-8 -Dstderr.encoding=UTF-8 
java_command: org.eclipse.jdt.internal.junit.runner.RemoteTestRunner -version 3 -port 62421 -testLoaderClass org.eclipse.jdt.internal.junit5.runner.JUnit5TestLoader -loaderpluginname org.eclipse.jdt.junit5.runtime -test com.fiap.techmesa.infrastructure.gateway.RestaurantGatewayImplTest:testUpdate -uniqueId [engine:junit-jupiter]/[class:com.fiap.techmesa.infrastructure.gateway.RestaurantGatewayImplTest]/[method:testUpdate()]
java_class_path (initial): C:\Workspace\FIAP3\TechMesa_Backend\target\test-classes;C:\Workspace\FIAP3\TechMesa_Backend\target\classes;C:\Users\T-GAMER\.m2\repository\org\springframework\boot\spring-boot-starter-data-jpa\3.4.3\spring-boot-starter-data-jpa-3.4.3.jar;C:\Users\T-GAMER\.m2\repository\org\springframework\boot\spring-boot-starter\3.4.3\spring-boot-starter-3.4.3.jar;C:\Users\T-GAMER\.m2\repository\org\springframework\boot\spring-boot-starter-logging\3.4.3\spring-boot-starter-logging-3.4.3.jar;C:\Users\T-GAMER\.m2\repository\ch\qos\logback\logback-classic\1.5.16\logback-classic-1.5.16.jar;C:\Users\T-GAMER\.m2\repository\ch\qos\logback\logback-core\1.5.16\logback-core-1.5.16.jar;C:\Users\T-GAMER\.m2\repository\org\apache\logging\log4j\log4j-to-slf4j\2.24.3\log4j-to-slf4j-2.24.3.jar;C:\Users\T-GAMER\.m2\repository\org\apache\logging\log4j\log4j-api\2.24.3\log4j-api-2.24.3.jar;C:\Users\T-GAMER\.m2\repository\org\slf4j\jul-to-slf4j\2.0.16\jul-to-slf4j-2.0.16.jar;C:\Users\T-GAMER\.m2\repository\jakarta\annotation\jakarta.annotation-api\2.1.1\jakarta.annotation-api-2.1.1.jar;C:\Users\T-GAMER\.m2\repository\org\yaml\snakeyaml\2.3\snakeyaml-2.3.jar;C:\Users\T-GAMER\.m2\repository\org\springframework\boot\spring-boot-starter-jdbc\3.4.3\spring-boot-starter-jdbc-3.4.3.jar;C:\Users\T-GAMER\.m2\repository\com\zaxxer\HikariCP\5.1.0\HikariCP-5.1.0.jar;C:\Users\T-GAMER\.m2\repository\org\springframework\spring-jdbc\6.2.3\spring-jdbc-6.2.3.jar;C:\Users\T-GAMER\.m2\repository\org\springframework\data\spring-data-jpa\3.4.3\spring-data-jpa-3.4.3.jar;C:\Users\T-GAMER\.m2\repository\org\springframework\data\spring-data-commons\3.4.3\spring-data-commons-3.4.3.jar;C:\Users\T-GAMER\.m2\repository\org\springframework\spring-orm\6.2.3\spring-orm-6.2.3.jar;C:\Users\T-GAMER\.m2\repository\org\springframework\spring-context\6.2.3\spring-context-6.2.3.jar;C:\Users\T-GAMER\.m2\repository\org\springframework\spring-aop\6.2.3\spring-aop-6.2.3.jar;C:\Users\T-GAMER\.m2\repository\org\springframework\spring-tx\6.2.3\spring-tx-6.2.3.jar;C:\Users\T-GAMER\.m2\repository\org\springframework\spring-beans\6.2.3\spring-beans-6.2.3.jar;C:\Users\T-GAMER\.m2\repository\org\slf4j\slf4j-api\2.0.16\slf4j-api-2.0.16.jar;C:\Users\T-GAMER\.m2\repository\org\springframework\spring-aspects\6.2.3\spring-aspects-6.2.3.jar;C:\Users\T-GAMER\.m2\repository\org\aspectj\aspectjweaver\1.9.22.1\aspectjweaver-1.9.22.1.jar;C:\Users\T-GAMER\.m2\repository\org\springframework\boot\spring-boot-starter-validation\3.4.3\spring-boot-starter-validation-3.4.3.jar;C:\Users\T-GAMER\.m2\repository\org\apache\tomcat\embed\tomcat-embed-el\10.1.36\tomcat-embed-el-10.1.36.jar;C:\Users\T-GAMER\.m2\repository\org\hibernate\validator\hibernate-validator\8.0.2.Final\hibernate-validator-8.0.2.Final.jar;C:\Users\T-GAMER\.m2\repository\jakarta\validation\jakarta.validation-api\3.0.2\jakarta.validation-api-3.0.2.jar;C:\Users\T-GAMER\.m2\repository\org\springframework\boot\spring-boot-starter-web\3.4.3\spring-boot-starter-web-3.4.3.jar;C:\Users\T-GAMER\.m2\repository\org\springframework\boot\spring-boot-starter-json\3.4.3\spring-boot-starter-json-3.4.3.jar;C:\Users\T-GAMER\.m2\repository\com\fasterxml\jackson\datatype\jackson-datatype-jdk8\2.18.2\jackson-datatype-jdk8-2.18.2.jar;C:\Users\T-GAMER\.m2\repository\com\fasterxml\jackson\module\jackson-module-parameter-names\2.18.2\jackson-module-parameter-names-2.18.2.jar;C:\Users\T-GAMER\.m2\repository\org\springframework\boot\spring-boot-starter-tomcat\3.4.3\spring-boot-starter-tomcat-3.4.3.jar;C:\Users\T-GAMER\.m2\repository\org\apache\tomcat\embed\tomcat-embed-core\10.1.36\tomcat-embed-core-10.1.36.jar;C:\Users\T-GAMER\.m2\repository\org\apache\tomcat\embed\tomcat-embed-websocket\10.1.36\tomcat-embed-websocket-10.1.36.jar;C:\Users\T-GAMER\.m2\repository\org\springframework\spring-web\6.2.3\spring-web-6.2.3.jar;C:\Users\T-GAMER\.m2\repository\io\micrometer\micrometer-observation\1.14.4\micrometer-observation-1.14.4.jar;C:\Users\T-GAMER\.m2\repository\io\micrometer\micrometer-commons\1.14.4\micrometer-commons-1.14.4.jar;C:\Users\T-GAMER\.m2\repository\org\springframework\spring-webmvc\6.2.3\spring-webmvc-6.2.3.jar;C:\Users\T-GAMER\.m2\repository\org\springframework\spring-expression\6.2.3\spring-expression-6.2.3.jar;C:\Users\T-GAMER\.m2\repository\org\springframework\boot\spring-boot-devtools\3.4.3\spring-boot-devtools-3.4.3.jar;C:\Users\T-GAMER\.m2\repository\org\springframework\boot\spring-boot\3.4.3\spring-boot-3.4.3.jar;C:\Users\T-GAMER\.m2\repository\org\springframework\boot\spring-boot-autoconfigure\3.4.3\spring-boot-autoconfigure-3.4.3.jar;C:\Users\T-GAMER\.m2\repository\com\h2database\h2\2.3.232\h2-2.3.232.jar;C:\Users\T-GAMER\.m2\repository\org\projectlombok\lombok\1.18.36\lombok-1.18.36.jar;C:\Users\T-GAMER\.m2\repository\org\springframework\boot\spring-boot-starter-test\3.4.3\spring-boot-starter-test-3.4.3.jar;C:\Users\T-GAMER\.m2\repository\org\springframework\boot\spring-boot-test\3.4.3\spring-boot-test-3.4.3.jar;C:\Users\T-GAMER\.m2\repository\org\springframework\boot\spring-boot-test-autoconfigure\3.4.3\spring-boot-test-autoconfigure-3.4.3.jar;C:\Users\T-GAMER\.m2\repository\com\jayway\jsonpath\json-path\2.9.0\json-path-2.9.0.jar;C:\Users\T-GAMER\.m2\repository\jakarta\xml\bind\jakarta.xml.bind-api\4.0.2\jakarta.xml.bind-api-4.0.2.jar;C:\Users\T-GAMER\.m2\repository\jakarta\activation\jakarta.activation-api\2.1.3\jakarta.activation-api-2.1.3.jar;C:\Users\T-GAMER\.m2\repository\net\minidev\json-smart\2.5.2\json-smart-2.5.2.jar;C:\Users\T-GAMER\.m2\repository\net\minidev\accessors-smart\2.5.2\accessors-smart-2.5.2.jar;C:\Users\T-GAMER\.m2\repository\org\ow2\asm\asm\9.7.1\asm-9.7.1.jar;C:\Users\T-GAMER\.m2\repository\org\assertj\assertj-core\3.26.3\assertj-core-3.26.3.jar;C:\Users\T-GAMER\.m2\repository\org\awaitility\awaitility\4.2.2\awaitility-4.2.2.jar;C:\Users\T-GAMER\.m2\repository\org\hamcrest\hamcrest\2.2\hamcrest-2.2.jar;C:\Users\T-GAMER\.m2\repository\org\junit\jupiter\junit-jupiter\5.11.4\junit-jupiter-5.11.4.jar;C:\Users\T-GAMER\.m2\repository\org\junit\jupiter\junit-jupiter-api\5.11.4\junit-jupiter-api-5.11.4.jar;C:\Users\T-GAMER\.m2\repository\org\opentest4j\opentest4j\1.3.0\opentest4j-1.3.0.jar;C:\Users\T-GAMER\.m2\repository\org\junit\platform\junit-platform-commons\1.11.4\junit-platform-commons-1.11.4.jar;C:\Users\T-GAMER\.m2\repository\org\apiguardian\apiguardian-api\1.1.2\apiguardian-api-1.1.2.jar;C:\Users\T-GAMER\.m2\repository\org\junit\jupiter\junit-jupiter-params\5.11.4\junit-jupiter-params-5.11.4.jar;C:\Users\T-GAMER\.m2\repository\org\junit\jupiter\junit-jupiter-engine\5.11.4\junit-jupiter-engine-5.11.4.jar;C:\Users\T-GAMER\.m2\repository\org\junit\platform\junit-platform-engine\1.11.4\junit-platform-engine-1.11.4.jar;C:\Users\T-GAMER\.m2\repository\org\mockito\mockito-core\5.14.2\mockito-core-5.14.2.jar;C:\Users\T-GAMER\.m2\repository\net\bytebuddy\byte-buddy-agent\1.15.11\byte-buddy-agent-1.15.11.jar;C:\Users\T-GAMER\.m2\repository\org\objenesis\objenesis\3.3\objenesis-3.3.jar;C:\Users\T-GAMER\.m2\repository\org\mockito\mockito-junit-jupiter\5.14.2\mockito-junit-jupiter-5.14.2.jar;C:\Users\T-GAMER\.m2\repository\org\skyscreamer\jsonassert\1.5.3\jsonassert-1.5.3.jar;C:\Users\T-GAMER\.m2\repository\com\vaadin\external\google\android-json\0.0.20131108.vaadin1\android-json-0.0.20131108.vaadin1.jar;C:\Users\T-GAMER\.m2\repository\org\springframework\spring-core\6.2.3\spring-core-6.2.3.jar;C:\Users\T-GAMER\.m2\repository\org\springframework\spring-jcl\6.2.3\spring-jcl-6.2.3.jar;C:\Users\T-GAMER\.m2\repository\org\springframework\spring-test\6.2.3\spring-test-6.2.3.jar;C:\Users\T-GAMER\.m2\repository\org\xmlunit\xmlunit-core\2.10.0\xmlunit-core-2.10.0.jar;C:\Users\T-GAMER\.m2\repository\org\springdoc\springdoc-openapi-starter-webmvc-ui\2.6.0\springdoc-openapi-starter-webmvc-ui-2.6.0.jar;C:\Users\T-GAMER\.m2\repository\org\springdoc\springdoc-openapi-starter-webmvc-api\2.6.0\springdoc-openapi-starter-webmvc-api-2.6.0.jar;C:\Users\T-GAMER\.m2\repository\org\springdoc\springdoc-openapi-starter-common\2.6.0\springdoc-openapi-starter-common-2.6.0.jar;C:\Users\T-GAMER\.m2\repository\io\swagger\core\v3\swagger-core-jakarta\2.2.22\swagger-core-jakarta-2.2.22.jar;C:\Users\T-GAMER\.m2\repository\org\apache\commons\commons-lang3\3.17.0\commons-lang3-3.17.0.jar;C:\Users\T-GAMER\.m2\repository\io\swagger\core\v3\swagger-annotations-jakarta\2.2.22\swagger-annotations-jakarta-2.2.22.jar;C:\Users\T-GAMER\.m2\repository\io\swagger\core\v3\swagger-models-jakarta\2.2.22\swagger-models-jakarta-2.2.22.jar;C:\Users\T-GAMER\.m2\repository\com\fasterxml\jackson\dataformat\jackson-dataformat-yaml\2.18.2\jackson-dataformat-yaml-2.18.2.jar;C:\Users\T-GAMER\.m2\repository\org\webjars\swagger-ui\5.17.14\swagger-ui-5.17.14.jar;C:\Users\T-GAMER\.m2\repository\org\hibernate\orm\hibernate-core\6.6.9.Final\hibernate-core-6.6.9.Final.jar;C:\Users\T-GAMER\.m2\repository\jakarta\persistence\jakarta.persistence-api\3.1.0\jakarta.persistence-api-3.1.0.jar;C:\Users\T-GAMER\.m2\repository\jakarta\transaction\jakarta.transaction-api\2.0.1\jakarta.transaction-api-2.0.1.jar;C:\Users\T-GAMER\.m2\repository\org\jboss\logging\jboss-logging\3.6.1.Final\jboss-logging-3.6.1.Final.jar;C:\Users\T-GAMER\.m2\repository\org\hibernate\common\hibernate-commons-annotations\7.0.3.Final\hibernate-commons-annotations-7.0.3.Final.jar;C:\Users\T-GAMER\.m2\repository\io\smallrye\jandex\3.2.0\jandex-3.2.0.jar;C:\Users\T-GAMER\.m2\repository\com\fasterxml\classmate\1.7.0\classmate-1.7.0.jar;C:\Users\T-GAMER\.m2\repository\net\bytebuddy\byte-buddy\1.15.11\byte-buddy-1.15.11.jar;C:\Users\T-GAMER\.m2\repository\org\glassfish\jaxb\jaxb-runtime\4.0.5\jaxb-runtime-4.0.5.jar;C:\Users\T-GAMER\.m2\repository\org\glassfish\jaxb\jaxb-core\4.0.5\jaxb-core-4.0.5.jar;C:\Users\T-GAMER\.m2\repository\org\eclipse\angus\angus-activation\2.0.2\angus-activation-2.0.2.jar;C:\Users\T-GAMER\.m2\repository\org\glassfish\jaxb\txw2\4.0.5\txw2-4.0.5.jar;C:\Users\T-GAMER\.m2\repository\com\sun\istack\istack-commons-runtime\4.1.2\istack-commons-runtime-4.1.2.jar;C:\Users\T-GAMER\.m2\repository\jakarta\inject\jakarta.inject-api\2.0.1\jakarta.inject-api-2.0.1.jar;C:\Users\T-GAMER\.m2\repository\org\antlr\antlr4-runtime\4.13.0\antlr4-runtime-4.13.0.jar;C:\Users\T-GAMER\.m2\repository\com\fasterxml\jackson\datatype\jackson-datatype-jsr310\2.13.0\jackson-datatype-jsr310-2.13.0.jar;C:\Users\T-GAMER\.m2\repository\com\fasterxml\jackson\core\jackson-annotations\2.18.2\jackson-annotations-2.18.2.jar;C:\Users\T-GAMER\.m2\repository\com\fasterxml\jackson\core\jackson-core\2.18.2\jackson-core-2.18.2.jar;C:\Users\T-GAMER\.m2\repository\com\fasterxml\jackson\core\jackson-databind\2.18.2\jackson-databind-2.18.2.jar;C:\Users\T-GAMER\.m2\repository\org\junit\platform\junit-platform-launcher\1.11.4\junit-platform-launcher-1.11.4.jar;C:\Users\T-GAMER\eclipse\java-2024-09\eclipse\configuration\org.eclipse.osgi\250\0\.cp;C:\Users\T-GAMER\eclipse\java-2024-09\eclipse\configuration\org.eclipse.osgi\248\0\.cp
Launcher Type: SUN_STANDARD

[Global flags]
     intx CICompilerCount                          = 4                                         {product} {ergonomic}
     uint ConcGCThreads                            = 3                                         {product} {ergonomic}
     uint G1ConcRefinementThreads                  = 10                                        {product} {ergonomic}
   size_t G1HeapRegionSize                         = 2097152                                   {product} {ergonomic}
   size_t InitialHeapSize                          = 268435456                                 {product} {ergonomic}
   size_t MarkStackSize                            = 4194304                                   {product} {ergonomic}
   size_t MarkStackSizeMax                         = 536870912                                 {product} {ergonomic}
   size_t MaxHeapSize                              = 4282384384                                {product} {ergonomic}
   size_t MaxNewSize                               = 2569011200                                {product} {ergonomic}
   size_t MinHeapDeltaBytes                        = 2097152                                   {product} {ergonomic}
   size_t MinHeapSize                              = 8388608                                   {product} {ergonomic}
    uintx NonNMethodCodeHeapSize                   = 5832704                                {pd product} {ergonomic}
    uintx NonProfiledCodeHeapSize                  = 122945536                              {pd product} {ergonomic}
    uintx ProfiledCodeHeapSize                     = 122880000                              {pd product} {ergonomic}
    uintx ReservedCodeCacheSize                    = 251658240                              {pd product} {ergonomic}
     bool SegmentedCodeCache                       = true                                      {product} {ergonomic}
     bool ShowCodeDetailsInExceptionMessages       = true                                   {manageable} {command line}
   size_t SoftMaxHeapSize                          = 4282384384                             {manageable} {ergonomic}
     bool UseCompressedOops                        = true                           {product lp64_product} {ergonomic}
     bool UseG1GC                                  = true                                      {product} {ergonomic}
     bool UseLargePagesIndividualAllocation        = false                                  {pd product} {ergonomic}

Logging:
Log output configuration:
 #0: stdout all=warning uptime,level,tags foldmultilines=false
 #1: stderr all=off uptime,level,tags foldmultilines=false

Environment Variables:
JAVA_HOME=C:\Program Files\Java\jdk-23
PATH=C:\Users\T-GAMER\.p2\pool\plugins\org.eclipse.justj.openjdk.hotspot.jre.full.win32.x86_64_23.0.1.v20241024-1700\jre\bin;C:/Users/T-GAMER/.p2/pool/plugins/org.eclipse.justj.openjdk.hotspot.jre.full.win32.x86_64_23.0.1.v20241024-1700/jre/bin/server;C:/Users/T-GAMER/.p2/pool/plugins/org.eclipse.justj.openjdk.hotspot.jre.full.win32.x86_64_23.0.1.v20241024-1700/jre/bin;C:\Program Files\Common Files\Oracle\Java\javapath;C:\Windows\system32;C:\Windows;C:\Windows\System32\Wbem;C:\Windows\System32\WindowsPowerShell\v1.0\;C:\Windows\System32\OpenSSH\;C:\Program Files (x86)\NVIDIA Corporation\PhysX\Common;C:\Program Files\Apache\Maven\apache-maven-3.9.9\bin;C:\Program Files\Git\cmd;C:\Program Files\Java\jdk-23\bin;C:\Program Files\dotnet\;C:\Users\T-GAMER\AppData\Local\Microsoft\WindowsApps;;C:\Users\T-GAMER\Desktop;
USERNAME=Du Nakandakare
OS=Windows_NT
PROCESSOR_IDENTIFIER=AMD64 Family 25 Model 33 Stepping 2, AuthenticAMD
TMP=C:\Users\T-GAMER\AppData\Local\Temp
TEMP=C:\Users\T-GAMER\AppData\Local\Temp




Periodic native trim disabled

---------------  S Y S T E M  ---------------

OS:
 Windows 10 , 64 bit Build 19041 (10.0.19041.5438)
OS uptime: 5 days 20:49 hours

CPU: total 12 (initial active 12) (12 cores per cpu, 2 threads per core) family 25 model 33 stepping 2 microcode 0x0, cx8, cmov, fxsr, ht, mmx, 3dnowpref, sse, sse2, sse3, ssse3, sse4a, sse4.1, sse4.2, popcnt, lzcnt, tsc, tscinvbit, avx, avx2, aes, erms, clmul, bmi1, bmi2, adx, sha, fma, vzeroupper, clflush, clflushopt, rdtscp, rdpid, fsrm, f16c, pku, cet_ss
Processor Information for the first 12 processors :
  Max Mhz: 3701, Current Mhz: 3701, Mhz Limit: 3701

Memory: 4k page, system-wide physical 16330M (5079M free)
TotalPageFile size 26723M (AvailPageFile size 3736M)
current process WorkingSet (physical memory assigned to process): 159M, peak: 268M
current process commit charge ("private bytes"): 391M, peak: 493M

vm_info: OpenJDK 64-Bit Server VM (23.0.1+11) for windows-amd64 JRE (23.0.1+11), built on 2024-10-15T00:00:00Z with MS VC++ 17.7 (VS2022)

END.
